#
# A fatal error has been detected by the Java Runtime Environment:
#
#  SIGSEGV (0xb) at pc=0x000000010da32d10, pid=13215, tid=20227
#
# JRE version: Java(TM) SE Runtime Environment (8.0_45-b14) (build 1.8.0_45-b14)
# Java VM: Java HotSpot(TM) 64-Bit Server VM (25.45-b02 mixed mode bsd-amd64 compressed oops)
# Problematic frame:
# V  [libjvm.dylib+0x432d10]  Method::checked_resolve_jmethod_id(_jmethodID*)+0xe
#
# Failed to write core dump. Core dumps have been disabled. To enable core dumping, try "ulimit -c unlimited" before starting Java again
#
# If you would like to submit a bug report, please visit:
#   http://bugreport.java.com/bugreport/crash.jsp
#

---------------  T H R E A D  ---------------

Current thread (0x00007ff9db803800):  JavaThread "JDWP Transport Listener: dt_socket" daemon [_thread_in_vm, id=20227, stack(0x000000012a4dd000,0x000000012a5dd000)]

siginfo: si_signo: 11 (SIGSEGV), si_code: 1 (SEGV_MAPERR), si_addr: 0x000000b00000000c

Registers:
RAX=0x0000000000000001, RBX=0x000000012a5dca8b, RCX=0x000000010ddfa190, RDX=0x000000012a5dca8b
RSP=0x000000012a5dc9d0, RBP=0x000000012a5dc9e0, RSI=0x00007ff9db803800, RDI=0x000000b00000000c
R8 =0x00007ff9dc01b1f0, R9 =0x00007ff9dc01c6d0, R10=0x00000000dbaa3d00, R11=0x00000000cef1df7f
R12=0x00007ff9db803800, R13=0x000000b00000000c, R14=0x000000b00000000c, R15=0x00007ff9d9c01c30
RIP=0x000000010da32d10, EFLAGS=0x0000000000010206, ERR=0x0000000000000004
  TRAPNO=0x000000000000000e

Top of Stack: (sp=0x000000012a5dc9d0)
0x000000012a5dc9d0:   000000012a5dca8b 000000012a5dca8b
0x000000012a5dc9e0:   000000012a5dca40 000000010d9430d6
0x000000012a5dc9f0:   00007ff9db803800 0000000000000000
0x000000012a5dca00:   0000000000000000 0000000000000000
0x000000012a5dca10:   00007ff9db803800 00007ff9db803800
0x000000012a5dca20:   000000012a5dca8b 000000012a5dca90
0x000000012a5dca30:   000000b00000000c 0000000000000007
0x000000012a5dca40:   000000012a5dca60 000000010e68c780
0x000000012a5dca50:   0000000000000001 000000012a5dcb08
0x000000012a5dca60:   000000012a5dcad0 000000010e6711f3
0x000000012a5dca70:   000000012a5dcaa0 00007ff9dc01da00
0x000000012a5dca80:   0000000900000032 0000000a005dcb08
0x000000012a5dca90:   0000000000000000 0000000000000000
0x000000012a5dcaa0:   0000000000000000 000000012a5dcc90
0x000000012a5dcab0:   000000010e693e7a 00007ff9d9c0e140
0x000000012a5dcac0:   000000012a5dcb08 000000010e69f598
0x000000012a5dcad0:   000000012a5dcae0 000000010e6712ec
0x000000012a5dcae0:   000000012a5dcd00 000000010e67a898
0x000000012a5dcaf0:   00005c1a00000013 00000000000f0200
0x000000012a5dcb00:   00007ff9d9c0dfe0 00007ff9dc01dd60
0x000000012a5dcb10:   00007ff900000068 00007ff9dc01d9e0
0x000000012a5dcb20:   00007ff90000012c 000000012a5dcb58
0x000000012a5dcb30:   00007ff9dc01d9e0 00007f0000000000
0x000000012a5dcb40:   00005c1a0000000f 00007fff00008e80
0x000000012a5dcb50:   000000012a5dcb58 f97f000009000000
0x000000012a5dcb60:   0f000000b093d1d9 79427265746c6966
0x000000012a5dcb70:   007972746e756f43 76616a4c283a0000
0x000000012a5dcb80:   6165522f6f692f61 76616a4c3b726564
0x000000012a5dcb90:   532f676e616c2f61 4c293b676e697274
0x000000012a5dcba0:   6974752f6176616a 63656c6c6f432f6c
0x000000012a5dcbb0:   0000003b6e6f6974 2f6176616a4c283d
0x000000012a5dcbc0:   65646165522f6f69 2f6176616a4c3b72 

Instructions: (pc=0x000000010da32d10)
0x000000010da32cf0:   40 48 48 85 c0 75 e0 30 c0 0f b6 c0 5d c3 31 c0
0x000000010da32d00:   5d c3 55 48 89 e5 53 48 83 ec 08 48 85 ff 74 24
0x000000010da32d10:   48 8b 1f 48 85 db 74 1c 48 83 fb 37 74 16 48 8b
0x000000010da32d20:   03 48 89 df ff 50 10 84 c0 b8 00 00 00 00 48 0f 

Register to memory mapping:

RAX=0x0000000000000001 is an unknown value
RBX=0x000000012a5dca8b is pointing into the stack for thread: 0x00007ff9db803800
RCX=0x000000010ddfa190: UseMembar+0 in /Library/Java/JavaVirtualMachines/jdk1.8.0_45.jdk/Contents/Home/jre/lib/server/libjvm.dylib at 0x000000010d600000
RDX=0x000000012a5dca8b is pointing into the stack for thread: 0x00007ff9db803800
RSP=0x000000012a5dc9d0 is pointing into the stack for thread: 0x00007ff9db803800
RBP=0x000000012a5dc9e0 is pointing into the stack for thread: 0x00007ff9db803800
RSI=0x00007ff9db803800 is a thread
RDI=0x000000b00000000c is an unknown value
R8 =0x00007ff9dc01b1f0 is an unknown value
R9 =0x00007ff9dc01c6d0 is an unknown value
R10=0x00000000dbaa3d00 is an unknown value
R11=0x00000000cef1df7f is an unknown value
R12=0x00007ff9db803800 is a thread
R13=0x000000b00000000c is an unknown value
R14=0x000000b00000000c is an unknown value
R15=0x00007ff9d9c01c30 is an unknown value


Stack: [0x000000012a4dd000,0x000000012a5dd000],  sp=0x000000012a5dc9d0,  free space=1022k
Native frames: (J=compiled Java code, j=interpreted, Vv=VM code, C=native code)
V  [libjvm.dylib+0x432d10]  Method::checked_resolve_jmethod_id(_jmethodID*)+0xe
V  [libjvm.dylib+0x3430d6]  jvmti_IsMethodSynthetic+0xb2
C  [libjdwp.dylib+0x20780]  isMethodSynthetic+0x63
C  [libjdwp.dylib+0x51f3]  methods1+0x10b
C  [libjdwp.dylib+0x52ec]  methodsWithGeneric+0xe
C  [libjdwp.dylib+0xe898]  debugLoop_run+0x1ce
C  [libjdwp.dylib+0x1f6ba]  attachThread+0x4d
V  [libjvm.dylib+0x38401c]  JvmtiAgentThread::call_start_function()+0x38
V  [libjvm.dylib+0x549acf]  JavaThread::thread_main_inner()+0x9b
V  [libjvm.dylib+0x54b1c0]  JavaThread::run()+0x1c2
V  [libjvm.dylib+0x46ea7e]  java_start(Thread*)+0xf6
C  [libsystem_pthread.dylib+0x1899]  _pthread_body+0x8a
C  [libsystem_pthread.dylib+0x172a]  _pthread_struct_init+0x0
C  [libsystem_pthread.dylib+0x5fc9]  thread_start+0xd
C  0x0000000000000000


---------------  P R O C E S S  ---------------

Java Threads: ( => current thread )
  0x00007ff9db00e800 JavaThread "Service Thread" daemon [_thread_blocked, id=23811, stack(0x000000012abf2000,0x000000012acf2000)]
  0x00007ff9dd823000 JavaThread "C1 CompilerThread3" daemon [_thread_blocked, id=23299, stack(0x000000012aaef000,0x000000012abef000)]
  0x00007ff9dd822800 JavaThread "C2 CompilerThread2" daemon [_thread_blocked, id=22787, stack(0x000000012a9ec000,0x000000012aaec000)]
  0x00007ff9dd821800 JavaThread "C2 CompilerThread1" daemon [_thread_blocked, id=22275, stack(0x000000012a8e9000,0x000000012a9e9000)]
  0x00007ff9dd81f000 JavaThread "C2 CompilerThread0" daemon [_thread_blocked, id=21763, stack(0x000000012a7e6000,0x000000012a8e6000)]
  0x00007ff9de006000 JavaThread "JDWP Command Reader" daemon [_thread_in_native, id=21251, stack(0x000000012a6e3000,0x000000012a7e3000)]
  0x00007ff9dc822000 JavaThread "JDWP Event Helper Thread" daemon [_thread_blocked, id=20739, stack(0x000000012a5e0000,0x000000012a6e0000)]
=>0x00007ff9db803800 JavaThread "JDWP Transport Listener: dt_socket" daemon [_thread_in_vm, id=20227, stack(0x000000012a4dd000,0x000000012a5dd000)]
  0x00007ff9dc833000 JavaThread "Signal Dispatcher" daemon [_thread_blocked, id=19715, stack(0x000000012a3da000,0x000000012a4da000)]
  0x00007ff9da008800 JavaThread "Finalizer" daemon [_thread_blocked, id=14595, stack(0x000000012a18b000,0x000000012a28b000)]
  0x00007ff9dd81c000 JavaThread "Reference Handler" daemon [_thread_blocked, id=14083, stack(0x000000012a088000,0x000000012a188000)]
  0x00007ff9dc805000 JavaThread "main" [_thread_blocked, id=6403, stack(0x000000010e56a000,0x000000010e66a000)]

Other Threads:
  0x00007ff9dd819800 VMThread [stack: 0x0000000129f85000,0x000000012a085000] [id=13571]
  0x00007ff9db836800 WatcherThread [stack: 0x000000012acf5000,0x000000012adf5000] [id=24323]

VM state:not at safepoint (normal execution)

VM Mutex/Monitor currently owned by a thread: None

Heap:
 PSYoungGen      total 76288K, used 10494K [0x000000076ab00000, 0x0000000770000000, 0x00000007c0000000)
  eden space 65536K, 16% used [0x000000076ab00000,0x000000076b53f800,0x000000076eb00000)
  from space 10752K, 0% used [0x000000076f580000,0x000000076f580000,0x0000000770000000)
  to   space 10752K, 0% used [0x000000076eb00000,0x000000076eb00000,0x000000076f580000)
 ParOldGen       total 175104K, used 0K [0x00000006c0000000, 0x00000006cab00000, 0x000000076ab00000)
  object space 175104K, 0% used [0x00000006c0000000,0x00000006c0000000,0x00000006cab00000)
 Metaspace       used 4849K, capacity 5222K, committed 5504K, reserved 1056768K
  class space    used 566K, capacity 593K, committed 640K, reserved 1048576K

Card table byte_map: [0x000000011da77000,0x000000011e278000] byte_map_base: 0x000000011a477000

Marking Bits: (ParMarkBitMap*) 0x000000010dec27a0
 Begin Bits: [0x000000011efe6000, 0x0000000122fe6000)
 End Bits:   [0x0000000122fe6000, 0x0000000126fe6000)

Polling page: 0x000000010c5df000

CodeCache: size=245760Kb used=1731Kb max_used=1746Kb free=244028Kb
 bounds [0x000000010e6b7000, 0x000000010e927000, 0x000000011d6b7000]
 total_blobs=547 nmethods=291 adapters=178
 compilation: enabled

Compilation events (10 events):
Event: 0.555 Thread 0x00007ff9dd823000 nmethod 287 0x000000010e8649d0 code [0x000000010e864c80, 0x000000010e865dc8]
Event: 0.555 Thread 0x00007ff9dd823000  288       3       java.util.zip.InflaterInputStream::ensureOpen (18 bytes)
Event: 0.555 Thread 0x00007ff9dd823000 nmethod 288 0x000000010e861ed0 code [0x000000010e862060, 0x000000010e8622c8]
Event: 0.555 Thread 0x00007ff9dd823000  289       3       sun.net.www.protocol.file.Handler::parseURL (18 bytes)
Event: 0.556 Thread 0x00007ff9dd823000 nmethod 289 0x000000010e8619d0 code [0x000000010e861b40, 0x000000010e861db8]
Event: 0.557 Thread 0x00007ff9dd822800 nmethod 258 0x000000010e8696d0 code [0x000000010e8699e0, 0x000000010e86b1b8]
Event: 0.557 Thread 0x00007ff9dd823000  290       1       java.nio.charset.Charset::name (5 bytes)
Event: 0.557 Thread 0x00007ff9dd823000 nmethod 290 0x000000010e861710 code [0x000000010e861860, 0x000000010e861970]
Event: 20.556 Thread 0x00007ff9dd823000  291       3       java.nio.Buffer::position (43 bytes)
Event: 20.557 Thread 0x00007ff9dd823000 nmethod 291 0x000000010e864490 code [0x000000010e864620, 0x000000010e8648e8]

GC Heap History (0 events):
No events

Deoptimization events (1 events):
Event: 0.341 Thread 0x00007ff9dc805000 Uncommon trap: reason=unstable_if action=reinterpret pc=0x000000010e7d418c method=java.lang.String.hashCode()I @ 14

Internal exceptions (10 events):
Event: 0.335 Thread 0x00007ff9dc805000 Exception <a 'java/security/PrivilegedActionException'> (0x000000076abec698) thrown at [/Users/java_re/workspace/8-2-build-macosx-x86_64/jdk8u45/3457/hotspot/src/share/vm/prims/jvm.cpp, line 1382]
Event: 0.335 Thread 0x00007ff9dc805000 Exception <a 'java/security/PrivilegedActionException'> (0x000000076abec850) thrown at [/Users/java_re/workspace/8-2-build-macosx-x86_64/jdk8u45/3457/hotspot/src/share/vm/prims/jvm.cpp, line 1382]
Event: 0.337 Thread 0x00007ff9dc805000 Exception <a 'java/util/zip/ZipException'> (0x000000076abff910) thrown at [/Users/java_re/workspace/8-2-build-macosx-x86_64/jdk8u45/3457/hotspot/src/share/vm/prims/jni.cpp, line 709]
Event: 0.337 Thread 0x00007ff9dc805000 Exception <a 'java/security/PrivilegedActionException'> (0x000000076abffac0) thrown at [/Users/java_re/workspace/8-2-build-macosx-x86_64/jdk8u45/3457/hotspot/src/share/vm/prims/jvm.cpp, line 1382]
Event: 0.337 Thread 0x00007ff9dc805000 Exception <a 'java/security/PrivilegedActionException'> (0x000000076abffc78) thrown at [/Users/java_re/workspace/8-2-build-macosx-x86_64/jdk8u45/3457/hotspot/src/share/vm/prims/jvm.cpp, line 1382]
Event: 0.371 Thread 0x00007ff9dc805000 Exception <a 'java/io/FileNotFoundException'> (0x000000076b09dd40) thrown at [/Users/java_re/workspace/8-2-build-macosx-x86_64/jdk8u45/3457/hotspot/src/share/vm/prims/jni.cpp, line 709]
Event: 0.384 Thread 0x00007ff9dc805000 Exception <a 'java/security/PrivilegedActionException'> (0x000000076b0fb910) thrown at [/Users/java_re/workspace/8-2-build-macosx-x86_64/jdk8u45/3457/hotspot/src/share/vm/prims/jvm.cpp, line 1382]
Event: 0.384 Thread 0x00007ff9dc805000 Exception <a 'java/security/PrivilegedActionException'> (0x000000076b0fbac8) thrown at [/Users/java_re/workspace/8-2-build-macosx-x86_64/jdk8u45/3457/hotspot/src/share/vm/prims/jvm.cpp, line 1382]
Event: 0.385 Thread 0x00007ff9dc805000 Exception <a 'java/security/PrivilegedActionException'> (0x000000076b0fecb8) thrown at [/Users/java_re/workspace/8-2-build-macosx-x86_64/jdk8u45/3457/hotspot/src/share/vm/prims/jvm.cpp, line 1382]
Event: 0.385 Thread 0x00007ff9dc805000 Exception <a 'java/security/PrivilegedActionException'> (0x000000076b0fee70) thrown at [/Users/java_re/workspace/8-2-build-macosx-x86_64/jdk8u45/3457/hotspot/src/share/vm/prims/jvm.cpp, line 1382]

Events (10 events):
Event: 2837.609 Executing VM operation: GetOrSetLocal
Event: 2837.609 Executing VM operation: GetOrSetLocal done
Event: 2837.610 Executing VM operation: GetOrSetLocal
Event: 2837.610 Executing VM operation: GetOrSetLocal done
Event: 2837.612 Executing VM operation: GetOrSetLocal
Event: 2837.612 Executing VM operation: GetOrSetLocal done
Event: 3224.042 Executing VM operation: RedefineClasses
Event: 3224.043 Executing VM operation: RedefineClasses done
Event: 3224.044 Executing VM operation: GetOrSetLocal
Event: 3224.044 Executing VM operation: GetOrSetLocal done


Dynamic libraries:
0x0000000007151000 	/System/Library/Frameworks/Cocoa.framework/Versions/A/Cocoa
0x0000000007151000 	/System/Library/Frameworks/Security.framework/Versions/A/Security
0x0000000007151000 	/System/Library/Frameworks/ApplicationServices.framework/Versions/A/ApplicationServices
0x0000000007151000 	/usr/lib/libz.1.dylib
0x0000000007151000 	/usr/lib/libSystem.B.dylib
0x0000000007151000 	/usr/lib/libobjc.A.dylib
0x0000000007151000 	/System/Library/Frameworks/CoreFoundation.framework/Versions/A/CoreFoundation
0x0000000007151000 	/System/Library/Frameworks/Foundation.framework/Versions/C/Foundation
0x0000000007151000 	/System/Library/Frameworks/AppKit.framework/Versions/C/AppKit
0x0000000007151000 	/System/Library/Frameworks/CoreData.framework/Versions/A/CoreData
0x0000000007151000 	/System/Library/PrivateFrameworks/RemoteViewServices.framework/Versions/A/RemoteViewServices
0x0000000007151000 	/System/Library/Frameworks/AudioToolbox.framework/Versions/A/AudioToolbox
0x0000000007151000 	/System/Library/Frameworks/AudioUnit.framework/Versions/A/AudioUnit
0x0000000007151000 	/System/Library/PrivateFrameworks/DataDetectorsCore.framework/Versions/A/DataDetectorsCore
0x0000000007151000 	/System/Library/PrivateFrameworks/DesktopServicesPriv.framework/Versions/A/DesktopServicesPriv
0x0000000007151000 	/System/Library/Frameworks/Carbon.framework/Versions/A/Frameworks/HIToolbox.framework/Versions/A/HIToolbox
0x0000000007151000 	/System/Library/Frameworks/QuartzCore.framework/Versions/A/QuartzCore
0x0000000007151000 	/System/Library/Frameworks/Carbon.framework/Versions/A/Frameworks/SpeechRecognition.framework/Versions/A/SpeechRecognition
0x0000000007151000 	/usr/lib/libauto.dylib
0x0000000007151000 	/usr/lib/libicucore.A.dylib
0x0000000007151000 	/usr/lib/libxml2.2.dylib
0x0000000007151000 	/System/Library/PrivateFrameworks/CoreUI.framework/Versions/A/CoreUI
0x0000000007151000 	/System/Library/Frameworks/CoreAudio.framework/Versions/A/CoreAudio
0x0000000007151000 	/System/Library/Frameworks/DiskArbitration.framework/Versions/A/DiskArbitration
0x0000000007151000 	/usr/lib/liblangid.dylib
0x0000000007151000 	/System/Library/PrivateFrameworks/MultitouchSupport.framework/Versions/A/MultitouchSupport
0x0000000007151000 	/System/Library/Frameworks/IOKit.framework/Versions/A/IOKit
0x0000000007151000 	/usr/lib/libDiagnosticMessagesClient.dylib
0x0000000007151000 	/System/Library/Frameworks/CoreServices.framework/Versions/A/CoreServices
0x0000000007151000 	/System/Library/PrivateFrameworks/PerformanceAnalysis.framework/Versions/A/PerformanceAnalysis
0x0000000007151000 	/System/Library/PrivateFrameworks/GenerationalStorage.framework/Versions/A/GenerationalStorage
0x0000000007151000 	/System/Library/Frameworks/OpenGL.framework/Versions/A/OpenGL
0x0000000007151000 	/System/Library/PrivateFrameworks/Sharing.framework/Versions/A/Sharing
0x0000000007151000 	/System/Library/Frameworks/ImageIO.framework/Versions/A/ImageIO
0x0000000007151000 	/System/Library/Frameworks/CoreText.framework/Versions/A/CoreText
0x0000000007151000 	/System/Library/Frameworks/CoreGraphics.framework/Versions/A/CoreGraphics
0x0000000007151000 	/System/Library/PrivateFrameworks/Backup.framework/Versions/A/Backup
0x0000000007151000 	/System/Library/Frameworks/CFNetwork.framework/Versions/A/CFNetwork
0x0000000007151000 	/System/Library/Frameworks/SystemConfiguration.framework/Versions/A/SystemConfiguration
0x0000000007151000 	/usr/lib/libCRFSuite.dylib
0x0000000007151000 	/usr/lib/libc++.1.dylib
0x0000000007151000 	/usr/lib/libc++abi.dylib
0x0000000007151000 	/usr/lib/system/libcache.dylib
0x0000000007151000 	/usr/lib/system/libcommonCrypto.dylib
0x0000000007151000 	/usr/lib/system/libcompiler_rt.dylib
0x0000000007151000 	/usr/lib/system/libcopyfile.dylib
0x0000000007151000 	/usr/lib/system/libcorecrypto.dylib
0x0000000007151000 	/usr/lib/system/libdispatch.dylib
0x0000000007151000 	/usr/lib/system/libdyld.dylib
0x0000000007151000 	/usr/lib/system/libkeymgr.dylib
0x0000000007151000 	/usr/lib/system/liblaunch.dylib
0x0000000007151000 	/usr/lib/system/libmacho.dylib
0x0000000007151000 	/usr/lib/system/libquarantine.dylib
0x0000000007151000 	/usr/lib/system/libremovefile.dylib
0x0000000007151000 	/usr/lib/system/libsystem_asl.dylib
0x0000000007151000 	/usr/lib/system/libsystem_blocks.dylib
0x0000000007151000 	/usr/lib/system/libsystem_c.dylib
0x0000000007151000 	/usr/lib/system/libsystem_configuration.dylib
0x0000000007151000 	/usr/lib/system/libsystem_dnssd.dylib
0x0000000007151000 	/usr/lib/system/libsystem_info.dylib
0x0000000007151000 	/usr/lib/system/libsystem_kernel.dylib
0x0000000007151000 	/usr/lib/system/libsystem_m.dylib
0x0000000007151000 	/usr/lib/system/libsystem_malloc.dylib
0x0000000007151000 	/usr/lib/system/libsystem_network.dylib
0x0000000007151000 	/usr/lib/system/libsystem_notify.dylib
0x0000000007151000 	/usr/lib/system/libsystem_platform.dylib
0x0000000007151000 	/usr/lib/system/libsystem_pthread.dylib
0x0000000007151000 	/usr/lib/system/libsystem_sandbox.dylib
0x0000000007151000 	/usr/lib/system/libsystem_stats.dylib
0x0000000007151000 	/usr/lib/system/libunc.dylib
0x0000000007151000 	/usr/lib/system/libunwind.dylib
0x0000000007151000 	/usr/lib/system/libxpc.dylib
0x0000000007151000 	/usr/lib/libbsm.0.dylib
0x0000000007151000 	/usr/lib/libsqlite3.dylib
0x0000000007151000 	/usr/lib/libxar.1.dylib
0x0000000007151000 	/usr/lib/libpam.2.dylib
0x0000000007151000 	/usr/lib/libOpenScriptingUtil.dylib
0x0000000007151000 	/usr/lib/libbz2.1.0.dylib
0x0000000007151000 	/System/Library/Frameworks/CoreServices.framework/Versions/A/Frameworks/CarbonCore.framework/Versions/A/CarbonCore
0x0000000007151000 	/System/Library/Frameworks/CoreServices.framework/Versions/A/Frameworks/Metadata.framework/Versions/A/Metadata
0x0000000007151000 	/System/Library/Frameworks/CoreServices.framework/Versions/A/Frameworks/OSServices.framework/Versions/A/OSServices
0x0000000007151000 	/System/Library/Frameworks/CoreServices.framework/Versions/A/Frameworks/SearchKit.framework/Versions/A/SearchKit
0x0000000007151000 	/System/Library/Frameworks/CoreServices.framework/Versions/A/Frameworks/AE.framework/Versions/A/AE
0x0000000007151000 	/System/Library/Frameworks/CoreServices.framework/Versions/A/Frameworks/LaunchServices.framework/Versions/A/LaunchServices
0x0000000007151000 	/System/Library/Frameworks/CoreServices.framework/Versions/A/Frameworks/DictionaryServices.framework/Versions/A/DictionaryServices
0x0000000007151000 	/System/Library/Frameworks/NetFS.framework/Versions/A/NetFS
0x0000000007151000 	/usr/lib/system/libkxld.dylib
0x0000000007151000 	/System/Library/PrivateFrameworks/NetAuth.framework/Versions/A/NetAuth
0x0000000007151000 	/System/Library/PrivateFrameworks/TCC.framework/Versions/A/TCC
0x0000000007151000 	/System/Library/Frameworks/OpenDirectory.framework/Versions/A/Frameworks/CFOpenDirectory.framework/Versions/A/CFOpenDirectory
0x0000000007151000 	/System/Library/Frameworks/ServiceManagement.framework/Versions/A/ServiceManagement
0x0000000007151000 	/usr/lib/libxslt.1.dylib
0x0000000007151000 	/System/Library/Frameworks/Carbon.framework/Versions/A/Frameworks/Ink.framework/Versions/A/Ink
0x0000000007151000 	/System/Library/Frameworks/ApplicationServices.framework/Versions/A/Frameworks/ATS.framework/Versions/A/ATS
0x0000000007151000 	/System/Library/Frameworks/ApplicationServices.framework/Versions/A/Frameworks/ColorSync.framework/Versions/A/ColorSync
0x0000000007151000 	/System/Library/Frameworks/ApplicationServices.framework/Versions/A/Frameworks/HIServices.framework/Versions/A/HIServices
0x0000000007151000 	/System/Library/Frameworks/ApplicationServices.framework/Versions/A/Frameworks/LangAnalysis.framework/Versions/A/LangAnalysis
0x0000000007151000 	/System/Library/Frameworks/ApplicationServices.framework/Versions/A/Frameworks/PrintCore.framework/Versions/A/PrintCore
0x0000000007151000 	/System/Library/Frameworks/ApplicationServices.framework/Versions/A/Frameworks/QD.framework/Versions/A/QD
0x0000000007151000 	/System/Library/Frameworks/ApplicationServices.framework/Versions/A/Frameworks/SpeechSynthesis.framework/Versions/A/SpeechSynthesis
0x0000000007151000 	/System/Library/Frameworks/IOSurface.framework/Versions/A/IOSurface
0x0000000007151000 	/System/Library/Frameworks/Accelerate.framework/Versions/A/Accelerate
0x0000000007151000 	/System/Library/Frameworks/Accelerate.framework/Versions/A/Frameworks/vImage.framework/Versions/A/vImage
0x0000000007151000 	/System/Library/Frameworks/Accelerate.framework/Versions/A/Frameworks/vecLib.framework/Versions/A/vecLib
0x0000000007151000 	/System/Library/Frameworks/Accelerate.framework/Versions/A/Frameworks/vecLib.framework/Versions/A/libvDSP.dylib
0x0000000007151000 	/System/Library/Frameworks/Accelerate.framework/Versions/A/Frameworks/vecLib.framework/Versions/A/libvMisc.dylib
0x0000000007151000 	/System/Library/Frameworks/Accelerate.framework/Versions/A/Frameworks/vecLib.framework/Versions/A/libLAPACK.dylib
0x0000000007151000 	/System/Library/Frameworks/Accelerate.framework/Versions/A/Frameworks/vecLib.framework/Versions/A/libBLAS.dylib
0x0000000007151000 	/System/Library/Frameworks/ApplicationServices.framework/Versions/A/Frameworks/ATS.framework/Versions/A/Resources/libFontParser.dylib
0x0000000007151000 	/System/Library/Frameworks/ApplicationServices.framework/Versions/A/Frameworks/ATS.framework/Versions/A/Resources/libFontRegistry.dylib
0x0000000007151000 	/System/Library/Frameworks/ImageIO.framework/Versions/A/Resources/libJPEG.dylib
0x0000000007151000 	/System/Library/Frameworks/ImageIO.framework/Versions/A/Resources/libTIFF.dylib
0x0000000007151000 	/System/Library/Frameworks/ImageIO.framework/Versions/A/Resources/libPng.dylib
0x0000000007151000 	/System/Library/Frameworks/ImageIO.framework/Versions/A/Resources/libGIF.dylib
0x0000000007151000 	/System/Library/Frameworks/ImageIO.framework/Versions/A/Resources/libJP2.dylib
0x0000000007151000 	/System/Library/Frameworks/ImageIO.framework/Versions/A/Resources/libRadiance.dylib
0x0000000007151000 	/usr/lib/libcups.2.dylib
0x0000000007151000 	/System/Library/Frameworks/Kerberos.framework/Versions/A/Kerberos
0x0000000007151000 	/System/Library/Frameworks/GSS.framework/Versions/A/GSS
0x0000000007151000 	/usr/lib/libresolv.9.dylib
0x0000000007151000 	/usr/lib/libiconv.2.dylib
0x0000000007151000 	/System/Library/PrivateFrameworks/Heimdal.framework/Versions/A/Heimdal
0x0000000007151000 	/System/Library/PrivateFrameworks/TrustEvaluationAgent.framework/Versions/A/TrustEvaluationAgent
0x0000000007151000 	/usr/lib/libheimdal-asn1.dylib
0x0000000007151000 	/System/Library/Frameworks/OpenDirectory.framework/Versions/A/OpenDirectory
0x0000000007151000 	/System/Library/PrivateFrameworks/CommonAuth.framework/Versions/A/CommonAuth
0x0000000007151000 	/System/Library/Frameworks/SecurityFoundation.framework/Versions/A/SecurityFoundation
0x0000000007151000 	/System/Library/PrivateFrameworks/Bom.framework/Versions/A/Bom
0x0000000007151000 	/System/Library/Frameworks/CoreVideo.framework/Versions/A/CoreVideo
0x0000000007151000 	/System/Library/Frameworks/QuartzCore.framework/Versions/A/Frameworks/CoreImage.framework/Versions/A/CoreImage
0x0000000007151000 	/System/Library/Frameworks/QuartzCore.framework/Versions/A/Frameworks/ScalableUserInterface.framework/Versions/A/ScalableUserInterface
0x0000000007151000 	/System/Library/Frameworks/OpenGL.framework/Versions/A/Libraries/libGLU.dylib
0x0000000007151000 	/System/Library/Frameworks/OpenGL.framework/Versions/A/Libraries/libGFXShared.dylib
0x0000000007151000 	/System/Library/Frameworks/OpenGL.framework/Versions/A/Libraries/libGL.dylib
0x0000000007151000 	/System/Library/Frameworks/OpenGL.framework/Versions/A/Libraries/libGLImage.dylib
0x0000000007151000 	/System/Library/Frameworks/OpenGL.framework/Versions/A/Libraries/libCVMSPluginSupport.dylib
0x0000000007151000 	/System/Library/Frameworks/OpenGL.framework/Versions/A/Libraries/libCoreVMClient.dylib
0x0000000007151000 	/System/Library/PrivateFrameworks/FaceCore.framework/Versions/A/FaceCore
0x0000000007151000 	/System/Library/PrivateFrameworks/CrashReporterSupport.framework/Versions/A/CrashReporterSupport
0x0000000007151000 	/System/Library/Frameworks/OpenCL.framework/Versions/A/OpenCL
0x0000000007151000 	/System/Library/PrivateFrameworks/AppleFSCompression.framework/Versions/A/AppleFSCompression
0x0000000007151000 	/System/Library/PrivateFrameworks/Ubiquity.framework/Versions/A/Ubiquity
0x0000000007151000 	/System/Library/PrivateFrameworks/IconServices.framework/Versions/A/IconServices
0x0000000007151000 	/System/Library/PrivateFrameworks/ChunkingLibrary.framework/Versions/A/ChunkingLibrary
0x0000000007151000 	/System/Library/PrivateFrameworks/CoreSymbolication.framework/Versions/A/CoreSymbolication
0x0000000007151000 	/System/Library/PrivateFrameworks/Symbolication.framework/Versions/A/Symbolication
0x0000000007151000 	/System/Library/PrivateFrameworks/DebugSymbols.framework/Versions/A/DebugSymbols
0x000000010d600000 	/Library/Java/JavaVirtualMachines/jdk1.8.0_45.jdk/Contents/Home/jre/lib/server/libjvm.dylib
0x0000000007151000 	/usr/lib/libstdc++.6.dylib
0x000000010c59c000 	/Library/Java/JavaVirtualMachines/jdk1.8.0_45.jdk/Contents/Home/jre/lib/libverify.dylib
0x000000010c5aa000 	/Library/Java/JavaVirtualMachines/jdk1.8.0_45.jdk/Contents/Home/jre/lib/libjava.dylib
0x000000010e66c000 	/Library/Java/JavaVirtualMachines/jdk1.8.0_45.jdk/Contents/Home/jre/lib/libjdwp.dylib
0x000000010c5e0000 	/Library/Java/JavaVirtualMachines/jdk1.8.0_45.jdk/Contents/Home/jre/lib/libnpt.dylib
0x000000010c5ed000 	/Library/Java/JavaVirtualMachines/jdk1.8.0_45.jdk/Contents/Home/jre/lib/libzip.dylib
0x000000012a28d000 	/System/Library/Frameworks/JavaVM.framework/Frameworks/JavaRuntimeSupport.framework/JavaRuntimeSupport
0x000000012a2a5000 	/System/Library/Frameworks/JavaVM.framework/Versions/A/Frameworks/JavaNativeFoundation.framework/Versions/A/JavaNativeFoundation
0x000000012a2ba000 	/System/Library/Frameworks/JavaVM.framework/Versions/A/JavaVM
0x0000000007151000 	/System/Library/Frameworks/Carbon.framework/Versions/A/Carbon
0x000000012a2c7000 	/System/Library/PrivateFrameworks/JavaLaunching.framework/Versions/A/JavaLaunching
0x0000000007151000 	/System/Library/Frameworks/Carbon.framework/Versions/A/Frameworks/CommonPanels.framework/Versions/A/CommonPanels
0x0000000007151000 	/System/Library/Frameworks/Carbon.framework/Versions/A/Frameworks/Help.framework/Versions/A/Help
0x0000000007151000 	/System/Library/Frameworks/Carbon.framework/Versions/A/Frameworks/ImageCapture.framework/Versions/A/ImageCapture
0x0000000007151000 	/System/Library/Frameworks/Carbon.framework/Versions/A/Frameworks/OpenScripting.framework/Versions/A/OpenScripting
0x0000000007151000 	/System/Library/Frameworks/Carbon.framework/Versions/A/Frameworks/Print.framework/Versions/A/Print
0x0000000007151000 	/System/Library/Frameworks/Carbon.framework/Versions/A/Frameworks/SecurityHI.framework/Versions/A/SecurityHI
0x000000010c5f9000 	/Library/Java/JavaVirtualMachines/jdk1.8.0_45.jdk/Contents/Home/jre/lib/libdt_socket.dylib

VM Arguments:
jvm_args: -agentlib:jdwp=transport=dt_socket,address=127.0.0.1:53387,suspend=y,server=n -ea -Dfile.encoding=UTF-8 
java_command: com.intellij.rt.execution.junit.JUnitStarter -ideVersion5 test.java.uk.sky.DataFiltererTest
java_class_path (initial): /Applications/IntelliJ IDEA 14.app/Contents/lib/idea_rt.jar:/Applications/IntelliJ IDEA 14.app/Contents/plugins/junit/lib/junit-rt.jar:/Library/Java/JavaVirtualMachines/jdk1.8.0_45.jdk/Contents/Home/lib/ant-javafx.jar:/Library/Java/JavaVirtualMachines/jdk1.8.0_45.jdk/Contents/Home/lib/dt.jar:/Library/Java/JavaVirtualMachines/jdk1.8.0_45.jdk/Contents/Home/lib/javafx-mx.jar:/Library/Java/JavaVirtualMachines/jdk1.8.0_45.jdk/Contents/Home/lib/jconsole.jar:/Library/Java/JavaVirtualMachines/jdk1.8.0_45.jdk/Contents/Home/lib/packager.jar:/Library/Java/JavaVirtualMachines/jdk1.8.0_45.jdk/Contents/Home/lib/sa-jdi.jar:/Library/Java/JavaVirtualMachines/jdk1.8.0_45.jdk/Contents/Home/lib/tools.jar:/Library/Java/JavaVirtualMachines/jdk1.8.0_45.jdk/Contents/Home/jre/lib/charsets.jar:/Library/Java/JavaVirtualMachines/jdk1.8.0_45.jdk/Contents/Home/jre/lib/deploy.jar:/Library/Java/JavaVirtualMachines/jdk1.8.0_45.jdk/Contents/Home/jre/lib/javaws.jar:/Library/Java/JavaVirtualMachines/jdk1.8.0_45.jdk/Contents/Home/jre/lib/jce.jar:/Library/Java/JavaVirtualMachines/jdk1.8.0_45.jdk/Contents/Home/jre/lib/jfr.jar:/Library/Java/JavaVirtualMachines/jdk1.8.0_45.jdk/Contents/Home/jre/lib/jfxswt.jar:/Library/Java/JavaVirtualMachines/jdk1.8.0_45.jdk/Contents/Home/jre/lib/jsse.jar:/Library/Java/JavaVirtualMachines/jdk1.8.0_45.jdk/Contents/Home/jre/lib/management-agent.jar:/Library/Java/JavaVirtualMachines/jdk1.8.0_45.jdk/Contents/Home/jre/lib/plugin.jar:/Library/Java/JavaVirtualMachines/jdk1.8.0_45.jdk/Contents/Home/jre/lib/resources.jar:/Library/Java/JavaVirtualMachines/jdk1.8.0_45.jdk/Contents/Home/jre/lib/rt.jar:/Library/Java/JavaVirtualMachines/jdk1.8.0_45.jdk/Contents/Home/jre/lib/ext/cldrdata.jar:/Library/Java/JavaVirtualMachines/jdk1.8.0_45.jdk/Contents/Home/jre/lib/ext/dnsns.jar:/Library/Java/JavaVirtualMachines/jdk1.8.0_45.jdk/Contents/Home/jre/lib/ext/jfxrt.jar:/Library/Java/JavaVirtualMachines/jdk1.8.0_45.jdk/Contents/Home/jre/lib/ext/localedata.jar:/Library/
Launcher Type: SUN_STANDARD

Environment Variables:
JAVA_HOME=/Library/Java/JavaVirtualMachines/jdk1.8.0_45.jdk/Contents/Home
PATH=/Library/Frameworks/Python.framework/Versions/3.4/bin:/usr/bin:/bin:/usr/sbin:/sbin:/usr/local/bin:/opt/X11/bin:/usr/local/MacGPG2/bin:/Users/ashishpatil/google-cloud-sdk/bin:/Users/ashishpatil/apache-maven-3.1.1/bin:/Users/ashishpatil/Downloads/phantomjs-1.9.2-macosx/bin:/usr/local/mysql/bin:/Library/Java/JavaVirtualMachines/jdk1.8.0_45.jdk/Contents/Home:/Users/ashishpatil/Downloads/jetty-9.2/bin:/Users/ashishpatil/Downloads/apache-tomcat-8.0.21/bin
SHELL=/bin/bash
DISPLAY=/tmp/launch-zzVJLL/org.macosforge.xquartz:0

Signal Handlers:
SIGSEGV: [libjvm.dylib+0x58ef95], sa_mask[0]=11111111011111110111111111111111, sa_flags=SA_ONSTACK|SA_RESTART|SA_SIGINFO
SIGBUS: [libjvm.dylib+0x58ef95], sa_mask[0]=11111111011111110111111111111111, sa_flags=SA_RESTART|SA_SIGINFO
SIGFPE: [libjvm.dylib+0x46c108], sa_mask[0]=11111111011111110111111111111111, sa_flags=SA_RESTART|SA_SIGINFO
SIGPIPE: [libjvm.dylib+0x46c108], sa_mask[0]=11111111011111110111111111111111, sa_flags=SA_RESTART|SA_SIGINFO
SIGXFSZ: [libjvm.dylib+0x46c108], sa_mask[0]=11111111011111110111111111111111, sa_flags=SA_RESTART|SA_SIGINFO
SIGILL: [libjvm.dylib+0x46c108], sa_mask[0]=11111111011111110111111111111111, sa_flags=SA_RESTART|SA_SIGINFO
SIGUSR1: SIG_DFL, sa_mask[0]=00000000000000000000000000000000, sa_flags=SA_RESTART
SIGUSR2: [libjvm.dylib+0x46bc26], sa_mask[0]=00100000000000000000000000000000, sa_flags=SA_RESTART|SA_SIGINFO
SIGHUP: [libjvm.dylib+0x46a1f9], sa_mask[0]=11111111011111110111111111111111, sa_flags=SA_RESTART|SA_SIGINFO
SIGINT: [libjvm.dylib+0x46a1f9], sa_mask[0]=11111111011111110111111111111111, sa_flags=SA_RESTART|SA_SIGINFO
SIGTERM: [libjvm.dylib+0x46a1f9], sa_mask[0]=11111111011111110111111111111111, sa_flags=SA_RESTART|SA_SIGINFO
SIGQUIT: [libjvm.dylib+0x46a1f9], sa_mask[0]=11111111011111110111111111111111, sa_flags=SA_RESTART|SA_SIGINFO


---------------  S Y S T E M  ---------------

OS:Bsduname:Darwin 13.4.0 Darwin Kernel Version 13.4.0: Wed Mar 18 16:20:14 PDT 2015; root:xnu-2422.115.14~1/RELEASE_X86_64 x86_64
rlimit: STACK 8192k, CORE 0k, NPROC 709, NOFILE 10240, AS infinity
load average:2.44 2.51 2.47

CPU:total 8 (4 cores per cpu, 2 threads per core) family 6 model 58 stepping 9, cmov, cx8, fxsr, mmx, sse, sse2, sse3, ssse3, sse4.1, sse4.2, popcnt, avx, aes, clmul, erms, ht, tsc, tscinvbit, tscinv

Memory: 4k page, physical 16777216k(3860248k free)

/proc/meminfo:


vm_info: Java HotSpot(TM) 64-Bit Server VM (25.45-b02) for bsd-amd64 JRE (1.8.0_45-b14), built on Apr 10 2015 10:46:38 by "java_re" with gcc 4.2.1 (Based on Apple Inc. build 5658) (LLVM build 2336.11.00)

time: Mon Jul 20 00:30:25 2015
elapsed time: 3224 seconds (0d 0h 53m 44s)

